<?xml version="1.0" encoding="UTF-8"?>
<testExecutions version="1">
  <file path="C:\Users\aloanand\Desktop\courses\photowall\src\Components\__tests__\Photo.test.js">
  </file>
  <file path="C:\Users\aloanand\Desktop\courses\photowall\src\Components\__tests__\Main.test.js">
  </file>
  <file path="C:\Users\aloanand\Desktop\courses\photowall\src\Components\__tests__\AddPhoto.test.js">
    <testCase name="Testing AddPhoto /&gt; should render AddPhoto" duration="105"/>
  </file>
  <file path="C:\Users\aloanand\Desktop\courses\photowall\src\Components\__tests__\Title.test.js">
    <testCase name="Testing Title /&gt; should render Title" duration="89"/>
  </file>
</testExecutions>