<?xml version="1.0" encoding="UTF-8"?>
<testExecutions version="1">
  <file path="C:\Users\aloanand\Desktop\courses\photowall\src\Components\__tests__\Title.test.js">
    <testCase name="Testing Title /&gt; should render Title" duration="95"/>
  </file>
  <file path="C:\Users\aloanand\Desktop\courses\photowall\src\Components\__tests__\Photo.test.js">
    <testCase name="Testing Photo /&gt; should render Photo" duration="93"/>
  </file>
  <file path="C:\Users\aloanand\Desktop\courses\photowall\src\Components\__tests__\AddPhoto.test.js">
    <testCase name="Testing AddPhoto /&gt; should render AddPhoto" duration="97"/>
  </file>
  <file path="C:\Users\aloanand\Desktop\courses\photowall\src\Components\__tests__\Main.test.js">
    <testCase name="Testing Main /&gt; should render Main" duration="119"/>
  </file>
  <file path="C:\Users\aloanand\Desktop\courses\photowall\src\Components\__tests__\PhotoWall.test.js">
    <testCase name="Testing PhotoWall /&gt; should render PhotoWall" duration="60"/>
  </file>
</testExecutions>